============================== Mace4 =================================
Mace4 (64) version 2017-11A (CIIRC), November 2017.
Process 13096 was started by birlutiuclaudiu on birlutiuclaudiu-HP-Pavilion-Laptop-15-cs3xxx,
Tue Dec  7 18:47:57 2021
The command was "mace4 -c -n 3 -m -1 -f 01_family.in".
============================== end of head ===========================

============================== INPUT =================================

% Reading from file 01_family.in

set(arithmetic).
    % set(arithmetic) -> clear(lnh).
    % set(arithmetic) -> assign(selection_order, 0).

    % Declaring Mace4 arithmetic parse types.

formulas(assumptions).
Barber = 0 & Cutler = 1 & Drake = 2.
Beth = 0 & Dorothy = 1 & Louise = 2.
Allan = 0 & Henry = 1 & Victor = 2.
(all x Wife(Father(x)) = Mother(x)).
Wife(x) = Wife(y) -> x = y.
Mother(x) = Mother(y) -> x = y.
Father(x) = Father(y) -> x = y.
Wife(Drake) != Louise & Father(Henry) != Drake.
Wife(Cutler) != Beth & Mother(Allan) != Beth.
Father(Allan) = Cutler | Father(Allan) = Drake -> Mother(Victor) = Louise.
Wife(Cutler) = Louise -> Mother(Allan) != Dorothy.
end_of_list.
    % assign(domain_size, 3) -> assign(start_size, 3).
    % assign(domain_size, 3) -> assign(end_size, 3).

% From the command line: assign(domain_size, 3).

% From the command line: assign(max_models, -1).

============================== end of input ==========================

============================== PROCESS NON-CLAUSAL FORMULAS ==========

% Formulas that are not ordinary clauses:
1 Barber = 0 & Cutler = 1 & Drake = 2 # label(non_clause).  [assumption].
2 Beth = 0 & Dorothy = 1 & Louise = 2 # label(non_clause).  [assumption].
3 Allan = 0 & Henry = 1 & Victor = 2 # label(non_clause).  [assumption].
4 (all x Wife(Father(x)) = Mother(x)) # label(non_clause).  [assumption].
5 Wife(x) = Wife(y) -> x = y # label(non_clause).  [assumption].
6 Mother(x) = Mother(y) -> x = y # label(non_clause).  [assumption].
7 Father(x) = Father(y) -> x = y # label(non_clause).  [assumption].
8 Wife(Drake) != Louise & Father(Henry) != Drake # label(non_clause).  [assumption].
9 Wife(Cutler) != Beth & Mother(Allan) != Beth # label(non_clause).  [assumption].
10 Father(Allan) = Cutler | Father(Allan) = Drake -> Mother(Victor) = Louise # label(non_clause).  [assumption].
11 Wife(Cutler) = Louise -> Mother(Allan) != Dorothy # label(non_clause).  [assumption].

============================== end of process non-clausal formulas ===

============================== CLAUSES FOR SEARCH ====================

formulas(mace4_clauses).
0 = Barber.
1 = Cutler.
2 = Drake.
Beth = 0.
Dorothy = 1.
Louise = 2.
Allan = 0.
Henry = 1.
Victor = 2.
Mother(x) = Wife(Father(x)).
Wife(x) != Wife(y) | x = y.
Mother(x) != Mother(y) | x = y.
Father(x) != Father(y) | x = y.
Wife(Drake) != Louise.
Father(Henry) != Drake.
Wife(Cutler) != Beth.
Mother(Allan) != Beth.
Father(Allan) != Cutler | Mother(Victor) = Louise.
Father(Allan) != Drake | Mother(Victor) = Louise.
Wife(Cutler) != Louise | Mother(Allan) != Dorothy.
end_of_list.

============================== end of clauses for search =============

% The largest natural number in the input is 2.

============================== DOMAIN SIZE 3 =========================

============================== MODEL =================================

interpretation( 3, [number=1, seconds=0], [

        function(Allan, [ 0 ]),

        function(Barber, [ 0 ]),

        function(Beth, [ 0 ]),

        function(Cutler, [ 1 ]),

        function(Dorothy, [ 1 ]),

        function(Drake, [ 2 ]),

        function(Henry, [ 1 ]),

        function(Louise, [ 2 ]),

        function(Victor, [ 2 ]),

        function(Father(_), [ 0, 1, 2 ]),

        function(Mother(_), [ 2, 1, 0 ]),

        function(Wife(_), [ 2, 1, 0 ])
]).

============================== end of model ==========================

============================== STATISTICS ============================

For domain size 3.

Current CPU time: 0.00 seconds (total CPU time: 0.00 seconds).
Ground clauses: seen=46, kept=37.
Selections=4, assignments=12, propagations=34, current_models=1.
Rewrite_terms=165, rewrite_bools=86, indexes=10.
Rules_from_neg_clauses=13, cross_offs=28.

============================== end of statistics =====================

User_CPU=0.00, System_CPU=0.00, Wall_clock=0.

Exiting with 1 model.

Process 13096 exit (all_models) Tue Dec  7 18:47:57 2021
The process finished Tue Dec  7 18:47:57 2021
